0 info it worked if it ends with ok
1 verbose cli [ '/Users/maecapozzi/.nvm/versions/node/v5.11.1/bin/node',
1 verbose cli   '/Users/maecapozzi/.nvm/versions/node/v5.11.1/bin/npm',
1 verbose cli   'run',
1 verbose cli   'build' ]
2 info using npm@3.8.6
3 info using node@v5.11.1
4 verbose run-script [ 'prebuild', 'build', 'postbuild' ]
5 info lifecycle gatsby-starter-default@1.0.0~prebuild: gatsby-starter-default@1.0.0
6 silly lifecycle gatsby-starter-default@1.0.0~prebuild: no script for prebuild, continuing
7 info lifecycle gatsby-starter-default@1.0.0~build: gatsby-starter-default@1.0.0
8 verbose lifecycle gatsby-starter-default@1.0.0~build: unsafe-perm in lifecycle true
9 verbose lifecycle gatsby-starter-default@1.0.0~build: PATH: /Users/maecapozzi/.nvm/versions/node/v5.11.1/lib/node_modules/npm/bin/node-gyp-bin:/Users/maecapozzi/Desktop/Codes/blog/node_modules/.bin:/Users/maecapozzi/.nvm/versions/node/v5.11.1/bin:/Users/maecapozzi/.nvm/versions/node/v5.11.1/bin:/usr/local/bin:/usr/bin:/bin:/usr/sbin:/sbin
10 verbose lifecycle gatsby-starter-default@1.0.0~build: CWD: /Users/maecapozzi/Desktop/Codes/blog
11 silly lifecycle gatsby-starter-default@1.0.0~build: Args: [ '-c', 'gatsby build' ]
12 silly lifecycle gatsby-starter-default@1.0.0~build: Returned: code: 1  signal: null
13 info lifecycle gatsby-starter-default@1.0.0~build: Failed to exec build script
14 verbose stack Error: gatsby-starter-default@1.0.0 build: `gatsby build`
14 verbose stack Exit status 1
14 verbose stack     at EventEmitter.<anonymous> (/Users/maecapozzi/.nvm/versions/node/v5.11.1/lib/node_modules/npm/lib/utils/lifecycle.js:239:16)
14 verbose stack     at emitTwo (events.js:100:13)
14 verbose stack     at EventEmitter.emit (events.js:185:7)
14 verbose stack     at ChildProcess.<anonymous> (/Users/maecapozzi/.nvm/versions/node/v5.11.1/lib/node_modules/npm/lib/utils/spawn.js:24:14)
14 verbose stack     at emitTwo (events.js:100:13)
14 verbose stack     at ChildProcess.emit (events.js:185:7)
14 verbose stack     at maybeClose (internal/child_process.js:850:16)
14 verbose stack     at Process.ChildProcess._handle.onexit (internal/child_process.js:215:5)
15 verbose pkgid gatsby-starter-default@1.0.0
16 verbose cwd /Users/maecapozzi/Desktop/Codes/blog
17 error Darwin 15.6.0
18 error argv "/Users/maecapozzi/.nvm/versions/node/v5.11.1/bin/node" "/Users/maecapozzi/.nvm/versions/node/v5.11.1/bin/npm" "run" "build"
19 error node v5.11.1
20 error npm  v3.8.6
21 error code ELIFECYCLE
22 error gatsby-starter-default@1.0.0 build: `gatsby build`
22 error Exit status 1
23 error Failed at the gatsby-starter-default@1.0.0 build script 'gatsby build'.
23 error Make sure you have the latest version of node.js and npm installed.
23 error If you do, this is most likely a problem with the gatsby-starter-default package,
23 error not with npm itself.
23 error Tell the author that this fails on your system:
23 error     gatsby build
23 error You can get information on how to open an issue for this project with:
23 error     npm bugs gatsby-starter-default
23 error Or if that isn't available, you can get their info via:
23 error     npm owner ls gatsby-starter-default
23 error There is likely additional logging output above.
24 verbose exit [ 1, true ]
